  20-MAR-1986 12:39:27
6502 relocating cross assembler version 20.53.12
Copyright, The Boston Systems Office, Inc. 1978
(617) 894-7800   TWX: 710-324-0760
Type /H for help
*** ADDRESS CHECK ***
     No errors detected

Object file converter  Version 3.25
Copyright, The Boston Systems Office, Inc. 1978
TEL: (617) 894-7800	TWX: 710-324-0760
Type /H for help




USERDSK3:[BOWEN.C256.BASIC]BASIC.ABS;36 deleted (414 blocks)
USERDSK3:[BOWEN.C256.BASIC]BASIC.LST;36 deleted (2844 blocks)
USERDSK3:[BOWEN.C256.BASIC]BASIC.OBJ;36 deleted (156 blocks)
USERDSK3:[BOWEN.C256.BASIC]GRAPHIC.SRC;26 deleted (9 blocks)
USERDSK3:[BOWEN.C256.BASIC]GRAPHIC80.SRC;14 deleted (12 blocks)
USERDSK3:[BOWEN.C256.BASIC]INIT.SRC;33 deleted (15 blocks)
USERDSK3:[BOWEN.C256.BASIC]INIT.SRC;32 deleted (15 blocks)
USERDSK3:[BOWEN.C256.BASIC]SPAWN.OUT;318 deleted (3 blocks)
8 files deleted (3468 blocks)
  20-MAR-1986 12:49:47
